  helloworld.cpp
  rekenen.cpp
C:\mjpvissersLOC\C++\TI2.1-CPP\Workshop 1\HelloWorld\HelloWorld\log.hpp(9,1): error C4430: missing type specifier - int assumed. Note: C++ does not support default-int
  (compiling source file 'helloworld.cpp')
  
C:\mjpvissersLOC\C++\TI2.1-CPP\Workshop 1\HelloWorld\HelloWorld\log.hpp(9,8): error C2146: syntax error: missing ';' before identifier 'LOG_DEBUG'
  (compiling source file 'helloworld.cpp')
  
C:\mjpvissersLOC\C++\TI2.1-CPP\Workshop 1\HelloWorld\HelloWorld\rekenen.hpp(5,1): error C2143: syntax error: missing ';' before '{'
  (compiling source file 'helloworld.cpp')
  
C:\mjpvissersLOC\C++\TI2.1-CPP\Workshop 1\HelloWorld\HelloWorld\rekenen.hpp(5,1): error C2447: '{': missing function header (old-style formal list?)
  (compiling source file 'helloworld.cpp')
  
C:\mjpvissersLOC\C++\TI2.1-CPP\Workshop 1\HelloWorld\HelloWorld\helloworld.cpp(10,17): error C2871: 'rekenen': a namespace with this name does not exist
C:\mjpvissersLOC\C++\TI2.1-CPP\Workshop 1\HelloWorld\HelloWorld\helloworld.cpp(10,17): error C2065: 'rekenen': undeclared identifier
C:\mjpvissersLOC\C++\TI2.1-CPP\Workshop 1\HelloWorld\HelloWorld\helloworld.cpp(26,5): error C2065: 'LOG_DEBUG': undeclared identifier
C:\mjpvissersLOC\C++\TI2.1-CPP\Workshop 1\HelloWorld\HelloWorld\helloworld.cpp(29,8): error C2653: 'rekenen': is not a class or namespace name
C:\mjpvissersLOC\C++\TI2.1-CPP\Workshop 1\HelloWorld\HelloWorld\helloworld.cpp(29,17): error C3861: 'add': identifier not found
C:\mjpvissersLOC\C++\TI2.1-CPP\Workshop 1\HelloWorld\HelloWorld\helloworld.cpp(30,2): error C2065: 'Rekenen': undeclared identifier
C:\mjpvissersLOC\C++\TI2.1-CPP\Workshop 1\HelloWorld\HelloWorld\helloworld.cpp(30,10): error C2146: syntax error: missing ';' before identifier 'r'
C:\mjpvissersLOC\C++\TI2.1-CPP\Workshop 1\HelloWorld\HelloWorld\helloworld.cpp(30,10): error C2065: 'r': undeclared identifier
C:\mjpvissersLOC\C++\TI2.1-CPP\Workshop 1\HelloWorld\HelloWorld\helloworld.cpp(31,8): error C2065: 'r': undeclared identifier
C:\mjpvissersLOC\C++\TI2.1-CPP\Workshop 1\HelloWorld\HelloWorld\log.hpp(9,1): error C4430: missing type specifier - int assumed. Note: C++ does not support default-int
  (compiling source file 'rekenen.cpp')
  
C:\mjpvissersLOC\C++\TI2.1-CPP\Workshop 1\HelloWorld\HelloWorld\log.hpp(9,8): error C2146: syntax error: missing ';' before identifier 'LOG_DEBUG'
  (compiling source file 'rekenen.cpp')
  
C:\mjpvissersLOC\C++\TI2.1-CPP\Workshop 1\HelloWorld\HelloWorld\rekenen.hpp(5,1): error C2143: syntax error: missing ';' before '{'
  (compiling source file 'rekenen.cpp')
  
C:\mjpvissersLOC\C++\TI2.1-CPP\Workshop 1\HelloWorld\HelloWorld\rekenen.hpp(5,1): error C2447: '{': missing function header (old-style formal list?)
  (compiling source file 'rekenen.cpp')
  
C:\mjpvissersLOC\C++\TI2.1-CPP\Workshop 1\HelloWorld\HelloWorld\rekenen.cpp(8,3): error C2065: 'LOG_DEBUG': undeclared identifier
C:\mjpvissersLOC\C++\TI2.1-CPP\Workshop 1\HelloWorld\HelloWorld\rekenen.cpp(12,2): error C2653: 'Rekenen': is not a class or namespace name
C:\mjpvissersLOC\C++\TI2.1-CPP\Workshop 1\HelloWorld\HelloWorld\rekenen.cpp(12,11): error C4430: missing type specifier - int assumed. Note: C++ does not support default-int
C:\mjpvissersLOC\C++\TI2.1-CPP\Workshop 1\HelloWorld\HelloWorld\rekenen.cpp(15,2): warning C4508: 'rekenen::Rekenen': function should return a value; 'void' return type assumed
C:\mjpvissersLOC\C++\TI2.1-CPP\Workshop 1\HelloWorld\HelloWorld\rekenen.cpp(17,2): error C2653: 'Rekenen': is not a class or namespace name
C:\mjpvissersLOC\C++\TI2.1-CPP\Workshop 1\HelloWorld\HelloWorld\rekenen.cpp(17,12): error C4430: missing type specifier - int assumed. Note: C++ does not support default-int
C:\mjpvissersLOC\C++\TI2.1-CPP\Workshop 1\HelloWorld\HelloWorld\rekenen.cpp(20,2): warning C4508: 'rekenen::{dtor}': function should return a value; 'void' return type assumed
C:\mjpvissersLOC\C++\TI2.1-CPP\Workshop 1\HelloWorld\HelloWorld\rekenen.cpp(22,6): error C2653: 'Rekenen': is not a class or namespace name
C:\mjpvissersLOC\C++\TI2.1-CPP\Workshop 1\HelloWorld\HelloWorld\rekenen.cpp(22,15): error C2084: function 'int rekenen::add(int,int)' already has a body
      C:\mjpvissersLOC\C++\TI2.1-CPP\Workshop 1\HelloWorld\HelloWorld\rekenen.cpp(7,6):
      see previous definition of 'rekenen::add'
  
C:\mjpvissersLOC\C++\TI2.1-CPP\Workshop 1\HelloWorld\HelloWorld\rekenen.cpp(24,3): error C2065: 'LOG_DEBUG': undeclared identifier
